  [1m[35m (357.5ms)[0m  [1m[35mCREATE DATABASE "cafe_management_postgresql" ENCODING = 'unicode'[0m
  [1m[35m (90.8ms)[0m  [1m[35mCREATE DATABASE "cafe_management_test" ENCODING = 'unicode'[0m
  [1m[35m (9.0ms)[0m  [1m[35mCREATE TABLE "schema_migrations" ("version" character varying NOT NULL PRIMARY KEY)[0m
  [1m[35m (5.8ms)[0m  [1m[35mCREATE TABLE "ar_internal_metadata" ("key" character varying NOT NULL PRIMARY KEY, "value" character varying, "created_at" timestamp(6) NOT NULL, "updated_at" timestamp(6) NOT NULL)[0m
  [1m[35m (0.5ms)[0m  [1m[34mSELECT pg_try_advisory_lock(8061910144390322640)[0m
  [1m[36mActiveRecord::SchemaMigration Pluck (0.6ms)[0m  [1m[34mSELECT "schema_migrations"."version" FROM "schema_migrations" ORDER BY "schema_migrations"."version" ASC[0m
Migrating to DeviseCreateUsers (20220921044038)
  [1m[36mTRANSACTION (0.4ms)[0m  [1m[35mBEGIN[0m
  [1m[35m (6.8ms)[0m  [1m[35mCREATE TABLE "users" ("id" bigserial primary key, "email" character varying DEFAULT '' NOT NULL, "encrypted_password" character varying DEFAULT '' NOT NULL, "reset_password_token" character varying, "reset_password_sent_at" timestamp(6), "remember_created_at" timestamp(6), "created_at" timestamp(6) NOT NULL, "updated_at" timestamp(6) NOT NULL)[0m
  [1m[35m (2.2ms)[0m  [1m[35mCREATE UNIQUE INDEX "index_users_on_email" ON "users" ("email")[0m
  [1m[35m (2.2ms)[0m  [1m[35mCREATE UNIQUE INDEX "index_users_on_reset_password_token" ON "users" ("reset_password_token")[0m
  [1m[36mActiveRecord::SchemaMigration Create (0.7ms)[0m  [1m[32mINSERT INTO "schema_migrations" ("version") VALUES ($1) RETURNING "version"[0m  [["version", "20220921044038"]]
  [1m[36mTRANSACTION (1.1ms)[0m  [1m[35mCOMMIT[0m
  [1m[36mActiveRecord::InternalMetadata Load (0.7ms)[0m  [1m[34mSELECT "ar_internal_metadata".* FROM "ar_internal_metadata" WHERE "ar_internal_metadata"."key" = $1 LIMIT $2[0m  [["key", "environment"], ["LIMIT", 1]]
  [1m[36mTRANSACTION (0.3ms)[0m  [1m[35mBEGIN[0m
  [1m[36mActiveRecord::InternalMetadata Create (0.8ms)[0m  [1m[32mINSERT INTO "ar_internal_metadata" ("key", "value", "created_at", "updated_at") VALUES ($1, $2, $3, $4) RETURNING "key"[0m  [["key", "environment"], ["value", "development"], ["created_at", "2022-09-21 04:40:42.866518"], ["updated_at", "2022-09-21 04:40:42.866518"]]
  [1m[36mTRANSACTION (0.9ms)[0m  [1m[35mCOMMIT[0m
  [1m[35m (0.5ms)[0m  [1m[34mSELECT pg_advisory_unlock(8061910144390322640)[0m
  [1m[36mActiveRecord::SchemaMigration Pluck (0.9ms)[0m  [1m[34mSELECT "schema_migrations"."version" FROM "schema_migrations" ORDER BY "schema_migrations"."version" ASC[0m
Started GET "/" for 127.0.0.1 at 2022-09-21 12:42:25 +0800
  [1m[36mActiveRecord::SchemaMigration Pluck (0.8ms)[0m  [1m[34mSELECT "schema_migrations"."version" FROM "schema_migrations" ORDER BY "schema_migrations"."version" ASC[0m
Processing by HomeController#index as HTML
  Rendering layout layouts/application.html.erb
  Rendering home/index.html.erb within layouts/application
  Rendered home/index.html.erb within layouts/application (Duration: 2.8ms | Allocations: 787)
  Rendered layout layouts/application.html.erb (Duration: 377.5ms | Allocations: 89155)
Completed 200 OK in 396ms (Views: 383.7ms | ActiveRecord: 0.0ms | Allocations: 93819)


Started GET "/dashboard/index" for 127.0.0.1 at 2022-09-21 12:42:27 +0800
Processing by DashboardController#index as HTML
Completed 401 Unauthorized in 9ms (ActiveRecord: 0.0ms | Allocations: 1873)


Started GET "/users/sign_in" for 127.0.0.1 at 2022-09-21 12:42:27 +0800
Processing by Devise::SessionsController#new as HTML
  Rendering layout layouts/application.html.erb
  Rendering /home/jp14/.asdf/installs/ruby/3.1.2/lib/ruby/gems/3.1.0/gems/devise-4.8.1/app/views/devise/sessions/new.html.erb within layouts/application
  Rendered /home/jp14/.asdf/installs/ruby/3.1.2/lib/ruby/gems/3.1.0/gems/devise-4.8.1/app/views/devise/shared/_links.html.erb (Duration: 1.6ms | Allocations: 729)
  Rendered /home/jp14/.asdf/installs/ruby/3.1.2/lib/ruby/gems/3.1.0/gems/devise-4.8.1/app/views/devise/sessions/new.html.erb within layouts/application (Duration: 15.9ms | Allocations: 4313)
  Rendered layout layouts/application.html.erb (Duration: 19.4ms | Allocations: 6659)
Completed 200 OK in 43ms (Views: 21.8ms | ActiveRecord: 4.8ms | Allocations: 14649)


Started GET "/users/sign_up" for 127.0.0.1 at 2022-09-21 12:42:33 +0800
Processing by Devise::RegistrationsController#new as HTML
  Rendering layout layouts/application.html.erb
  Rendering /home/jp14/.asdf/installs/ruby/3.1.2/lib/ruby/gems/3.1.0/gems/devise-4.8.1/app/views/devise/registrations/new.html.erb within layouts/application
  Rendered /home/jp14/.asdf/installs/ruby/3.1.2/lib/ruby/gems/3.1.0/gems/devise-4.8.1/app/views/devise/shared/_error_messages.html.erb (Duration: 2.3ms | Allocations: 217)
  Rendered /home/jp14/.asdf/installs/ruby/3.1.2/lib/ruby/gems/3.1.0/gems/devise-4.8.1/app/views/devise/shared/_links.html.erb (Duration: 1.1ms | Allocations: 151)
  Rendered /home/jp14/.asdf/installs/ruby/3.1.2/lib/ruby/gems/3.1.0/gems/devise-4.8.1/app/views/devise/registrations/new.html.erb within layouts/application (Duration: 13.5ms | Allocations: 2214)
  Rendered layout layouts/application.html.erb (Duration: 29.9ms | Allocations: 4570)
Completed 200 OK in 38ms (Views: 34.3ms | ActiveRecord: 0.0ms | Allocations: 5950)


Started GET "/" for 127.0.0.1 at 2022-09-21 12:42:41 +0800
Processing by HomeController#index as HTML
  Rendering layout layouts/application.html.erb
  Rendering home/index.html.erb within layouts/application
  Rendered home/index.html.erb within layouts/application (Duration: 0.4ms | Allocations: 166)
  Rendered layout layouts/application.html.erb (Duration: 16.8ms | Allocations: 2660)
Completed 200 OK in 21ms (Views: 20.5ms | ActiveRecord: 0.0ms | Allocations: 2945)


Started GET "/dashboard/index" for 127.0.0.1 at 2022-09-21 12:42:51 +0800
Processing by DashboardController#index as HTML
Completed 401 Unauthorized in 3ms (ActiveRecord: 0.0ms | Allocations: 396)


Started GET "/users/sign_in" for 127.0.0.1 at 2022-09-21 12:42:51 +0800
Processing by Devise::SessionsController#new as HTML
  Rendering layout layouts/application.html.erb
  Rendering /home/jp14/.asdf/installs/ruby/3.1.2/lib/ruby/gems/3.1.0/gems/devise-4.8.1/app/views/devise/sessions/new.html.erb within layouts/application
  Rendered /home/jp14/.asdf/installs/ruby/3.1.2/lib/ruby/gems/3.1.0/gems/devise-4.8.1/app/views/devise/shared/_links.html.erb (Duration: 0.3ms | Allocations: 131)
  Rendered /home/jp14/.asdf/installs/ruby/3.1.2/lib/ruby/gems/3.1.0/gems/devise-4.8.1/app/views/devise/sessions/new.html.erb within layouts/application (Duration: 2.4ms | Allocations: 1223)
  Rendered layout layouts/application.html.erb (Duration: 6.2ms | Allocations: 3395)
Completed 200 OK in 39ms (Views: 34.6ms | ActiveRecord: 0.0ms | Allocations: 4129)


Started GET "/users/sign_up" for 127.0.0.1 at 2022-09-21 12:42:54 +0800
Processing by Devise::RegistrationsController#new as HTML
  Rendering layout layouts/application.html.erb
  Rendering /home/jp14/.asdf/installs/ruby/3.1.2/lib/ruby/gems/3.1.0/gems/devise-4.8.1/app/views/devise/registrations/new.html.erb within layouts/application
  Rendered /home/jp14/.asdf/installs/ruby/3.1.2/lib/ruby/gems/3.1.0/gems/devise-4.8.1/app/views/devise/shared/_error_messages.html.erb (Duration: 0.1ms | Allocations: 14)
  Rendered /home/jp14/.asdf/installs/ruby/3.1.2/lib/ruby/gems/3.1.0/gems/devise-4.8.1/app/views/devise/shared/_links.html.erb (Duration: 0.4ms | Allocations: 78)
  Rendered /home/jp14/.asdf/installs/ruby/3.1.2/lib/ruby/gems/3.1.0/gems/devise-4.8.1/app/views/devise/registrations/new.html.erb within layouts/application (Duration: 4.4ms | Allocations: 1197)
  Rendered layout layouts/application.html.erb (Duration: 8.0ms | Allocations: 3374)
Completed 200 OK in 11ms (Views: 8.8ms | ActiveRecord: 0.0ms | Allocations: 4031)


Started POST "/users" for 127.0.0.1 at 2022-09-21 12:43:04 +0800
Processing by Devise::RegistrationsController#create as TURBO_STREAM
  Parameters: {"authenticity_token"=>"[FILTERED]", "user"=>{"email"=>"test@test.com", "password"=>"[FILTERED]", "password_confirmation"=>"[FILTERED]"}, "commit"=>"Sign up"}
  [1m[36mTRANSACTION (0.3ms)[0m  [1m[35mBEGIN[0m
  [1m[36mUser Exists? (1.0ms)[0m  [1m[34mSELECT 1 AS one FROM "users" WHERE "users"."email" = $1 LIMIT $2[0m  [["email", "test@test.com"], ["LIMIT", 1]]
  [1m[36mUser Create (1.1ms)[0m  [1m[32mINSERT INTO "users" ("email", "encrypted_password", "reset_password_token", "reset_password_sent_at", "remember_created_at", "created_at", "updated_at") VALUES ($1, $2, $3, $4, $5, $6, $7) RETURNING "id"[0m  [["email", "test@test.com"], ["encrypted_password", "[FILTERED]"], ["reset_password_token", "[FILTERED]"], ["reset_password_sent_at", "[FILTERED]"], ["remember_created_at", nil], ["created_at", "2022-09-21 04:43:04.963415"], ["updated_at", "2022-09-21 04:43:04.963415"]]
  [1m[36mTRANSACTION (0.9ms)[0m  [1m[35mCOMMIT[0m
Redirected to 
Completed 500 Internal Server Error in 281ms (ActiveRecord: 3.3ms | Allocations: 16688)


  
NoMethodError (undefined method `user_url' for #<Devise::RegistrationsController:0x0000000000c418>

              recipient.public_send(method, *args)
                       ^^^^^^^^^^^^):
  
actionpack (7.0.4) lib/action_dispatch/routing/polymorphic_routes.rb:231:in `public_send'
actionpack (7.0.4) lib/action_dispatch/routing/polymorphic_routes.rb:231:in `polymorphic_method'
actionpack (7.0.4) lib/action_dispatch/routing/polymorphic_routes.rb:116:in `polymorphic_url'
actionpack (7.0.4) lib/action_dispatch/routing/url_for.rb:187:in `full_url_for'
actionpack (7.0.4) lib/action_dispatch/routing/url_for.rb:170:in `url_for'
actionpack (7.0.4) lib/action_controller/metal/redirecting.rb:144:in `_compute_redirect_to_location'
actionpack (7.0.4) lib/action_controller/metal/redirecting.rb:89:in `redirect_to'
actionpack (7.0.4) lib/action_controller/metal/flash.rb:62:in `redirect_to'
actionpack (7.0.4) lib/action_controller/metal/instrumentation.rb:42:in `block in redirect_to'
activesupport (7.0.4) lib/active_support/notifications.rb:206:in `block in instrument'
activesupport (7.0.4) lib/active_support/notifications/instrumenter.rb:24:in `instrument'
activesupport (7.0.4) lib/active_support/notifications.rb:206:in `instrument'
actionpack (7.0.4) lib/action_controller/metal/instrumentation.rb:41:in `redirect_to'
responders (3.0.1) lib/action_controller/responder.rb:147:in `redirect_to'
responders (3.0.1) lib/action_controller/responder.rb:207:in `navigation_behavior'
responders (3.0.1) lib/action_controller/responder.rb:174:in `rescue in to_html'
responders (3.0.1) lib/action_controller/responder.rb:171:in `to_html'
responders (3.0.1) lib/action_controller/responder.rb:165:in `respond'
responders (3.0.1) lib/action_controller/responder.rb:158:in `call'
responders (3.0.1) lib/action_controller/respond_with.rb:213:in `respond_with'
devise (4.8.1) app/controllers/devise/registrations_controller.rb:25:in `create'
actionpack (7.0.4) lib/action_controller/metal/basic_implicit_render.rb:6:in `send_action'
actionpack (7.0.4) lib/abstract_controller/base.rb:215:in `process_action'
actionpack (7.0.4) lib/action_controller/metal/rendering.rb:53:in `process_action'
actionpack (7.0.4) lib/abstract_controller/callbacks.rb:234:in `block in process_action'
activesupport (7.0.4) lib/active_support/callbacks.rb:118:in `block in run_callbacks'
actiontext (7.0.4) lib/action_text/rendering.rb:20:in `with_renderer'
actiontext (7.0.4) lib/action_text/engine.rb:69:in `block (4 levels) in <class:Engine>'
activesupport (7.0.4) lib/active_support/callbacks.rb:127:in `instance_exec'
activesupport (7.0.4) lib/active_support/callbacks.rb:127:in `block in run_callbacks'
activesupport (7.0.4) lib/active_support/callbacks.rb:138:in `run_callbacks'
actionpack (7.0.4) lib/abstract_controller/callbacks.rb:233:in `process_action'
actionpack (7.0.4) lib/action_controller/metal/rescue.rb:22:in `process_action'
actionpack (7.0.4) lib/action_controller/metal/instrumentation.rb:67:in `block in process_action'
activesupport (7.0.4) lib/active_support/notifications.rb:206:in `block in instrument'
activesupport (7.0.4) lib/active_support/notifications/instrumenter.rb:24:in `instrument'
activesupport (7.0.4) lib/active_support/notifications.rb:206:in `instrument'
actionpack (7.0.4) lib/action_controller/metal/instrumentation.rb:66:in `process_action'
actionpack (7.0.4) lib/action_controller/metal/params_wrapper.rb:259:in `process_action'
activerecord (7.0.4) lib/active_record/railties/controller_runtime.rb:27:in `process_action'
actionpack (7.0.4) lib/abstract_controller/base.rb:151:in `process'
actionview (7.0.4) lib/action_view/rendering.rb:39:in `process'
actionpack (7.0.4) lib/action_controller/metal.rb:188:in `dispatch'
actionpack (7.0.4) lib/action_controller/metal.rb:251:in `dispatch'
actionpack (7.0.4) lib/action_dispatch/routing/route_set.rb:49:in `dispatch'
actionpack (7.0.4) lib/action_dispatch/routing/route_set.rb:32:in `serve'
actionpack (7.0.4) lib/action_dispatch/routing/mapper.rb:18:in `block in <class:Constraints>'
actionpack (7.0.4) lib/action_dispatch/routing/mapper.rb:48:in `serve'
actionpack (7.0.4) lib/action_dispatch/journey/router.rb:50:in `block in serve'
actionpack (7.0.4) lib/action_dispatch/journey/router.rb:32:in `each'
actionpack (7.0.4) lib/action_dispatch/journey/router.rb:32:in `serve'
actionpack (7.0.4) lib/action_dispatch/routing/route_set.rb:852:in `call'
warden (1.2.9) lib/warden/manager.rb:36:in `block in call'
warden (1.2.9) lib/warden/manager.rb:34:in `catch'
warden (1.2.9) lib/warden/manager.rb:34:in `call'
rack (2.2.4) lib/rack/tempfile_reaper.rb:15:in `call'
rack (2.2.4) lib/rack/etag.rb:27:in `call'
rack (2.2.4) lib/rack/conditional_get.rb:40:in `call'
rack (2.2.4) lib/rack/head.rb:12:in `call'
actionpack (7.0.4) lib/action_dispatch/http/permissions_policy.rb:38:in `call'
actionpack (7.0.4) lib/action_dispatch/http/content_security_policy.rb:36:in `call'
rack (2.2.4) lib/rack/session/abstract/id.rb:266:in `context'
rack (2.2.4) lib/rack/session/abstract/id.rb:260:in `call'
actionpack (7.0.4) lib/action_dispatch/middleware/cookies.rb:696:in `call'
activerecord (7.0.4) lib/active_record/migration.rb:603:in `call'
actionpack (7.0.4) lib/action_dispatch/middleware/callbacks.rb:27:in `block in call'
activesupport (7.0.4) lib/active_support/callbacks.rb:99:in `run_callbacks'
actionpack (7.0.4) lib/action_dispatch/middleware/callbacks.rb:26:in `call'
actionpack (7.0.4) lib/action_dispatch/middleware/executor.rb:14:in `call'
actionpack (7.0.4) lib/action_dispatch/middleware/actionable_exceptions.rb:17:in `call'
actionpack (7.0.4) lib/action_dispatch/middleware/debug_exceptions.rb:28:in `call'
web-console (4.2.0) lib/web_console/middleware.rb:132:in `call_app'
web-console (4.2.0) lib/web_console/middleware.rb:28:in `block in call'
web-console (4.2.0) lib/web_console/middleware.rb:17:in `catch'
web-console (4.2.0) lib/web_console/middleware.rb:17:in `call'
actionpack (7.0.4) lib/action_dispatch/middleware/show_exceptions.rb:26:in `call'
railties (7.0.4) lib/rails/rack/logger.rb:40:in `call_app'
railties (7.0.4) lib/rails/rack/logger.rb:25:in `block in call'
activesupport (7.0.4) lib/active_support/tagged_logging.rb:99:in `block in tagged'
activesupport (7.0.4) lib/active_support/tagged_logging.rb:37:in `tagged'
activesupport (7.0.4) lib/active_support/tagged_logging.rb:99:in `tagged'
railties (7.0.4) lib/rails/rack/logger.rb:25:in `call'
sprockets-rails (3.4.2) lib/sprockets/rails/quiet_assets.rb:13:in `call'
actionpack (7.0.4) lib/action_dispatch/middleware/remote_ip.rb:93:in `call'
actionpack (7.0.4) lib/action_dispatch/middleware/request_id.rb:26:in `call'
rack (2.2.4) lib/rack/method_override.rb:24:in `call'
rack (2.2.4) lib/rack/runtime.rb:22:in `call'
activesupport (7.0.4) lib/active_support/cache/strategy/local_cache_middleware.rb:29:in `call'
actionpack (7.0.4) lib/action_dispatch/middleware/server_timing.rb:61:in `block in call'
actionpack (7.0.4) lib/action_dispatch/middleware/server_timing.rb:26:in `collect_events'
actionpack (7.0.4) lib/action_dispatch/middleware/server_timing.rb:60:in `call'
actionpack (7.0.4) lib/action_dispatch/middleware/executor.rb:14:in `call'
actionpack (7.0.4) lib/action_dispatch/middleware/static.rb:23:in `call'
rack (2.2.4) lib/rack/sendfile.rb:110:in `call'
actionpack (7.0.4) lib/action_dispatch/middleware/host_authorization.rb:137:in `call'
railties (7.0.4) lib/rails/engine.rb:530:in `call'
puma (5.6.5) lib/puma/configuration.rb:252:in `call'
puma (5.6.5) lib/puma/request.rb:77:in `block in handle_request'
puma (5.6.5) lib/puma/thread_pool.rb:340:in `with_force_shutdown'
puma (5.6.5) lib/puma/request.rb:76:in `handle_request'
puma (5.6.5) lib/puma/server.rb:443:in `process_client'
puma (5.6.5) lib/puma/thread_pool.rb:147:in `block in spawn_thread'
Started GET "/" for 127.0.0.1 at 2022-09-21 12:43:15 +0800
Processing by HomeController#index as HTML
  Rendering layout layouts/application.html.erb
  Rendering home/index.html.erb within layouts/application
  Rendered home/index.html.erb within layouts/application (Duration: 0.9ms | Allocations: 192)
  Rendered layout layouts/application.html.erb (Duration: 10.0ms | Allocations: 2817)
Completed 200 OK in 12ms (Views: 11.3ms | ActiveRecord: 0.0ms | Allocations: 3117)


Started GET "/" for 127.0.0.1 at 2022-09-21 12:43:15 +0800
Processing by HomeController#index as HTML
  Rendering layout layouts/application.html.erb
  Rendering home/index.html.erb within layouts/application
  Rendered home/index.html.erb within layouts/application (Duration: 0.5ms | Allocations: 163)
  Rendered layout layouts/application.html.erb (Duration: 5.3ms | Allocations: 2619)
Completed 200 OK in 7ms (Views: 6.0ms | ActiveRecord: 0.0ms | Allocations: 2878)


Started GET "/dashboard/index" for 127.0.0.1 at 2022-09-21 12:43:19 +0800
Processing by DashboardController#index as HTML
Completed 401 Unauthorized in 1ms (ActiveRecord: 0.0ms | Allocations: 404)


Started GET "/users/sign_in" for 127.0.0.1 at 2022-09-21 12:43:19 +0800
Processing by Devise::SessionsController#new as HTML
  Rendering layout layouts/application.html.erb
  Rendering /home/jp14/.asdf/installs/ruby/3.1.2/lib/ruby/gems/3.1.0/gems/devise-4.8.1/app/views/devise/sessions/new.html.erb within layouts/application
  Rendered /home/jp14/.asdf/installs/ruby/3.1.2/lib/ruby/gems/3.1.0/gems/devise-4.8.1/app/views/devise/shared/_links.html.erb (Duration: 0.3ms | Allocations: 131)
  Rendered /home/jp14/.asdf/installs/ruby/3.1.2/lib/ruby/gems/3.1.0/gems/devise-4.8.1/app/views/devise/sessions/new.html.erb within layouts/application (Duration: 3.2ms | Allocations: 1252)
  Rendered layout layouts/application.html.erb (Duration: 6.8ms | Allocations: 3414)
Completed 200 OK in 9ms (Views: 7.5ms | ActiveRecord: 0.0ms | Allocations: 4158)


Started POST "/users/sign_in" for 127.0.0.1 at 2022-09-21 12:43:28 +0800
Processing by Devise::SessionsController#create as TURBO_STREAM
  Parameters: {"authenticity_token"=>"[FILTERED]", "user"=>{"email"=>"test@test.com", "password"=>"[FILTERED]", "remember_me"=>"0"}, "commit"=>"Log in"}
  [1m[36mUser Load (0.3ms)[0m  [1m[34mSELECT "users".* FROM "users" WHERE "users"."email" = $1 ORDER BY "users"."id" ASC LIMIT $2[0m  [["email", "test@test.com"], ["LIMIT", 1]]
Redirected to http://127.0.0.1:3000/dashboard/index
Completed 302 Found in 254ms (ActiveRecord: 0.6ms | Allocations: 3397)


Started GET "/dashboard/index" for 127.0.0.1 at 2022-09-21 12:43:28 +0800
Processing by DashboardController#index as TURBO_STREAM
  [1m[36mUser Load (0.3ms)[0m  [1m[34mSELECT "users".* FROM "users" WHERE "users"."id" = $1 ORDER BY "users"."id" ASC LIMIT $2[0m  [["id", 1], ["LIMIT", 1]]
  Rendering layout layouts/application.html.erb
  Rendering dashboard/index.html.erb within layouts/application
  Rendered dashboard/index.html.erb within layouts/application (Duration: 1.1ms | Allocations: 477)
  Rendered layout layouts/application.html.erb (Duration: 4.7ms | Allocations: 2849)
Completed 200 OK in 11ms (Views: 6.5ms | ActiveRecord: 0.3ms | Allocations: 5065)


Started DELETE "/users/sign_out" for 127.0.0.1 at 2022-09-21 12:43:31 +0800
Processing by Devise::SessionsController#destroy as TURBO_STREAM
  Parameters: {"authenticity_token"=>"[FILTERED]"}
  [1m[36mUser Load (1.1ms)[0m  [1m[34mSELECT "users".* FROM "users" WHERE "users"."id" = $1 ORDER BY "users"."id" ASC LIMIT $2[0m  [["id", 1], ["LIMIT", 1]]
Redirected to http://127.0.0.1:3000/
Completed 302 Found in 26ms (ActiveRecord: 1.1ms | Allocations: 2815)


Started GET "/" for 127.0.0.1 at 2022-09-21 12:43:31 +0800
Processing by HomeController#index as TURBO_STREAM
  Rendering layout layouts/application.html.erb
  Rendering home/index.html.erb within layouts/application
  Rendered home/index.html.erb within layouts/application (Duration: 0.5ms | Allocations: 184)
  Rendered layout layouts/application.html.erb (Duration: 7.3ms | Allocations: 2746)
Completed 200 OK in 9ms (Views: 8.2ms | ActiveRecord: 0.0ms | Allocations: 3055)


Started GET "/" for 127.0.0.1 at 2022-09-21 12:47:03 +0800
  [1m[36mActiveRecord::SchemaMigration Pluck (1.3ms)[0m  [1m[34mSELECT "schema_migrations"."version" FROM "schema_migrations" ORDER BY "schema_migrations"."version" ASC[0m
Processing by HomeController#index as HTML
  Rendering layout layouts/application.html.erb
  Rendering home/index.html.erb within layouts/application
  Rendered home/index.html.erb within layouts/application (Duration: 1.4ms | Allocations: 679)
  Rendered layout layouts/application.html.erb (Duration: 54.3ms | Allocations: 35163)
Completed 200 OK in 64ms (Views: 57.3ms | ActiveRecord: 0.0ms | Allocations: 38595)


Started GET "/dashboard/index" for 127.0.0.1 at 2022-09-21 12:47:04 +0800
Processing by DashboardController#index as HTML
Completed 401 Unauthorized in 11ms (ActiveRecord: 0.0ms | Allocations: 1479)


Started GET "/users/sign_in" for 127.0.0.1 at 2022-09-21 12:47:04 +0800
Processing by Devise::SessionsController#new as HTML
  Rendering layout layouts/application.html.erb
  Rendering /home/jp14/.asdf/installs/ruby/3.1.2/lib/ruby/gems/3.1.0/gems/devise-4.8.1/app/views/devise/sessions/new.html.erb within layouts/application
  Rendered /home/jp14/.asdf/installs/ruby/3.1.2/lib/ruby/gems/3.1.0/gems/devise-4.8.1/app/views/devise/shared/_links.html.erb (Duration: 2.0ms | Allocations: 734)
  Rendered /home/jp14/.asdf/installs/ruby/3.1.2/lib/ruby/gems/3.1.0/gems/devise-4.8.1/app/views/devise/sessions/new.html.erb within layouts/application (Duration: 11.6ms | Allocations: 3699)
  Rendered layout layouts/application.html.erb (Duration: 15.5ms | Allocations: 6059)
Completed 200 OK in 117ms (Views: 19.1ms | ActiveRecord: 11.9ms | Allocations: 13808)


Started POST "/users/sign_in" for 127.0.0.1 at 2022-09-21 12:47:09 +0800
Processing by Devise::SessionsController#create as TURBO_STREAM
  Parameters: {"authenticity_token"=>"[FILTERED]", "user"=>{"email"=>"test@test.com", "password"=>"[FILTERED]", "remember_me"=>"0"}, "commit"=>"Log in"}
  [1m[36mUser Load (0.9ms)[0m  [1m[34mSELECT "users".* FROM "users" WHERE "users"."email" = $1 ORDER BY "users"."id" ASC LIMIT $2[0m  [["email", "test@test.com"], ["LIMIT", 1]]
Redirected to http://127.0.0.1:3000/dashboard/index
Completed 302 Found in 261ms (ActiveRecord: 1.2ms | Allocations: 5912)


Started GET "/dashboard/index" for 127.0.0.1 at 2022-09-21 12:47:09 +0800
Processing by DashboardController#index as TURBO_STREAM
  [1m[36mUser Load (0.3ms)[0m  [1m[34mSELECT "users".* FROM "users" WHERE "users"."id" = $1 ORDER BY "users"."id" ASC LIMIT $2[0m  [["id", 1], ["LIMIT", 1]]
  Rendering layout layouts/application.html.erb
  Rendering dashboard/index.html.erb within layouts/application
  Rendered dashboard/index.html.erb within layouts/application (Duration: 1.4ms | Allocations: 481)
  Rendered layout layouts/application.html.erb (Duration: 5.4ms | Allocations: 2854)
Completed 200 OK in 12ms (Views: 7.0ms | ActiveRecord: 0.3ms | Allocations: 5262)


Started DELETE "/users/sign_out" for 127.0.0.1 at 2022-09-21 12:47:11 +0800
Processing by Devise::SessionsController#destroy as TURBO_STREAM
  Parameters: {"authenticity_token"=>"[FILTERED]"}
  [1m[36mUser Load (0.9ms)[0m  [1m[34mSELECT "users".* FROM "users" WHERE "users"."id" = $1 ORDER BY "users"."id" ASC LIMIT $2[0m  [["id", 1], ["LIMIT", 1]]
Redirected to http://127.0.0.1:3000/
Completed 302 Found in 16ms (ActiveRecord: 0.9ms | Allocations: 2921)


Started GET "/" for 127.0.0.1 at 2022-09-21 12:47:11 +0800
Processing by HomeController#index as TURBO_STREAM
  Rendering layout layouts/application.html.erb
  Rendering home/index.html.erb within layouts/application
  Rendered home/index.html.erb within layouts/application (Duration: 0.4ms | Allocations: 184)
  Rendered layout layouts/application.html.erb (Duration: 6.1ms | Allocations: 2772)
Completed 200 OK in 7ms (Views: 6.9ms | ActiveRecord: 0.0ms | Allocations: 3083)


Started GET "/dashboard/index" for 127.0.0.1 at 2022-09-21 12:47:13 +0800
Processing by DashboardController#index as HTML
Completed 401 Unauthorized in 1ms (ActiveRecord: 0.0ms | Allocations: 378)


Started GET "/users/sign_in" for 127.0.0.1 at 2022-09-21 12:47:13 +0800
Processing by Devise::SessionsController#new as HTML
  Rendering layout layouts/application.html.erb
  Rendering /home/jp14/.asdf/installs/ruby/3.1.2/lib/ruby/gems/3.1.0/gems/devise-4.8.1/app/views/devise/sessions/new.html.erb within layouts/application
  Rendered /home/jp14/.asdf/installs/ruby/3.1.2/lib/ruby/gems/3.1.0/gems/devise-4.8.1/app/views/devise/shared/_links.html.erb (Duration: 0.4ms | Allocations: 131)
  Rendered /home/jp14/.asdf/installs/ruby/3.1.2/lib/ruby/gems/3.1.0/gems/devise-4.8.1/app/views/devise/sessions/new.html.erb within layouts/application (Duration: 3.2ms | Allocations: 1254)
  Rendered layout layouts/application.html.erb (Duration: 9.9ms | Allocations: 3418)
Completed 200 OK in 12ms (Views: 10.9ms | ActiveRecord: 0.0ms | Allocations: 4174)


Started GET "/" for 127.0.0.1 at 2022-09-21 13:35:46 +0800
Processing by HomeController#index as HTML
  Rendering layout layouts/application.html.erb
  Rendering home/index.html.erb within layouts/application
  Rendered home/index.html.erb within layouts/application (Duration: 0.3ms | Allocations: 163)
  Rendered layout layouts/application.html.erb (Duration: 4.9ms | Allocations: 2635)
Completed 200 OK in 6ms (Views: 5.5ms | Allocations: 2892)


  [1m[35m (0.2ms)[0m  [1m[34mSELECT pg_try_advisory_lock(8061910144390322640)[0m
  [1m[36mActiveRecord::SchemaMigration Pluck (0.7ms)[0m  [1m[34mSELECT "schema_migrations"."version" FROM "schema_migrations" ORDER BY "schema_migrations"."version" ASC[0m
Migrating to CreateShopDetails (20220921054129)
  [1m[36mTRANSACTION (0.2ms)[0m  [1m[35mBEGIN[0m
  [1m[35m (6.7ms)[0m  [1m[35mCREATE TABLE "shop_details" ("id" bigserial primary key, "shop_name" character varying, "shop_location" character varying, "business_type" character varying, "created_at" timestamp(6) NOT NULL, "updated_at" timestamp(6) NOT NULL)[0m
  [1m[36mActiveRecord::SchemaMigration Create (0.5ms)[0m  [1m[32mINSERT INTO "schema_migrations" ("version") VALUES ($1) RETURNING "version"[0m  [["version", "20220921054129"]]
  [1m[36mTRANSACTION (1.2ms)[0m  [1m[35mCOMMIT[0m
  [1m[36mActiveRecord::InternalMetadata Load (0.3ms)[0m  [1m[34mSELECT "ar_internal_metadata".* FROM "ar_internal_metadata" WHERE "ar_internal_metadata"."key" = $1 LIMIT $2[0m  [["key", "environment"], ["LIMIT", 1]]
  [1m[35m (0.5ms)[0m  [1m[34mSELECT pg_advisory_unlock(8061910144390322640)[0m
  [1m[36mActiveRecord::SchemaMigration Pluck (0.6ms)[0m  [1m[34mSELECT "schema_migrations"."version" FROM "schema_migrations" ORDER BY "schema_migrations"."version" ASC[0m
Started GET "/" for 127.0.0.1 at 2022-09-21 17:33:16 +0800
  [1m[36mActiveRecord::SchemaMigration Pluck (2.5ms)[0m  [1m[34mSELECT "schema_migrations"."version" FROM "schema_migrations" ORDER BY "schema_migrations"."version" ASC[0m
Processing by HomeController#index as HTML
  Rendering layout layouts/application.html.erb
  Rendering home/index.html.erb within layouts/application
  Rendered home/index.html.erb within layouts/application (Duration: 2.7ms | Allocations: 679)
  Rendered layout layouts/application.html.erb (Duration: 73.5ms | Allocations: 35632)
Completed 200 OK in 85ms (Views: 77.7ms | ActiveRecord: 0.0ms | Allocations: 39064)


Started GET "/dashboard/index" for 127.0.0.1 at 2022-09-21 17:33:18 +0800
Processing by DashboardController#index as HTML
Completed 401 Unauthorized in 6ms (ActiveRecord: 0.0ms | Allocations: 1430)


Started GET "/users/sign_in" for 127.0.0.1 at 2022-09-21 17:33:18 +0800
Processing by Devise::SessionsController#new as HTML
  Rendering layout layouts/application.html.erb
  Rendering /home/jp14/.asdf/installs/ruby/3.1.2/lib/ruby/gems/3.1.0/gems/devise-4.8.1/app/views/devise/sessions/new.html.erb within layouts/application
  Rendered /home/jp14/.asdf/installs/ruby/3.1.2/lib/ruby/gems/3.1.0/gems/devise-4.8.1/app/views/devise/shared/_links.html.erb (Duration: 2.6ms | Allocations: 737)
  Rendered /home/jp14/.asdf/installs/ruby/3.1.2/lib/ruby/gems/3.1.0/gems/devise-4.8.1/app/views/devise/sessions/new.html.erb within layouts/application (Duration: 36.3ms | Allocations: 3700)
  Rendered layout layouts/application.html.erb (Duration: 39.9ms | Allocations: 6060)
Completed 200 OK in 62ms (Views: 42.0ms | ActiveRecord: 6.5ms | Allocations: 13741)


Started POST "/users/sign_in" for 127.0.0.1 at 2022-09-21 17:33:26 +0800
Processing by Devise::SessionsController#create as TURBO_STREAM
  Parameters: {"authenticity_token"=>"[FILTERED]", "user"=>{"email"=>"test@test.com", "password"=>"[FILTERED]", "remember_me"=>"0"}, "commit"=>"Log in"}
  [1m[36mUser Load (2.6ms)[0m  [1m[34mSELECT "users".* FROM "users" WHERE "users"."email" = $1 ORDER BY "users"."id" ASC LIMIT $2[0m  [["email", "test@test.com"], ["LIMIT", 1]]
Redirected to http://127.0.0.1:3000/dashboard/index
Completed 302 Found in 265ms (ActiveRecord: 3.0ms | Allocations: 5802)


Started GET "/dashboard/index" for 127.0.0.1 at 2022-09-21 17:33:26 +0800
Processing by DashboardController#index as TURBO_STREAM
  [1m[36mUser Load (0.5ms)[0m  [1m[34mSELECT "users".* FROM "users" WHERE "users"."id" = $1 ORDER BY "users"."id" ASC LIMIT $2[0m  [["id", 1], ["LIMIT", 1]]
  Rendering layout layouts/application.html.erb
  Rendering dashboard/index.html.erb within layouts/application
  Rendered dashboard/index.html.erb within layouts/application (Duration: 1.5ms | Allocations: 477)
  Rendered layout layouts/application.html.erb (Duration: 5.8ms | Allocations: 2850)
Completed 200 OK in 13ms (Views: 7.5ms | ActiveRecord: 0.5ms | Allocations: 5171)


Started GET "/dashboard/index" for 127.0.0.1 at 2022-09-21 17:39:12 +0800
Processing by DashboardController#index as HTML
  [1m[36mUser Load (0.4ms)[0m  [1m[34mSELECT "users".* FROM "users" WHERE "users"."id" = $1 ORDER BY "users"."id" ASC LIMIT $2[0m  [["id", 1], ["LIMIT", 1]]
  Rendering layout layouts/application.html.erb
  Rendering dashboard/index.html.erb within layouts/application
  Rendered dashboard/index.html.erb within layouts/application (Duration: 0.7ms | Allocations: 335)
  Rendered layout layouts/application.html.erb (Duration: 19.0ms | Allocations: 14086)
Completed 200 OK in 36ms (Views: 20.5ms | ActiveRecord: 4.2ms | Allocations: 19614)


Started GET "/asdfasdf" for 127.0.0.1 at 2022-09-21 17:39:32 +0800
  
ActionController::RoutingError (No route matches [GET] "/asdfasdf"):
  
Started GET "/rails/info/routes?path=bu" for 127.0.0.1 at 2022-09-21 17:39:36 +0800
Processing by Rails::InfoController#routes as */*
  Parameters: {"path"=>"bu"}
Completed 200 OK in 3ms (Views: 0.4ms | ActiveRecord: 0.0ms | Allocations: 2297)


Started GET "/rails/info/routes?path=location" for 127.0.0.1 at 2022-09-21 17:39:40 +0800
Processing by Rails::InfoController#routes as */*
  Parameters: {"path"=>"location"}
Completed 200 OK in 2ms (Views: 0.2ms | ActiveRecord: 0.0ms | Allocations: 812)


Started GET "/rails/info/routes?path=home" for 127.0.0.1 at 2022-09-21 17:39:46 +0800
Processing by Rails::InfoController#routes as */*
  Parameters: {"path"=>"home"}
Completed 200 OK in 3ms (Views: 0.4ms | ActiveRecord: 0.0ms | Allocations: 770)


Started GET "/rails/info/routes?path=hom" for 127.0.0.1 at 2022-09-21 17:40:29 +0800
Processing by Rails::InfoController#routes as */*
  Parameters: {"path"=>"hom"}
Completed 200 OK in 3ms (Views: 0.3ms | ActiveRecord: 0.0ms | Allocations: 774)


Started GET "/rails/info/routes?path=das" for 127.0.0.1 at 2022-09-21 17:40:33 +0800
Processing by Rails::InfoController#routes as */*
  Parameters: {"path"=>"das"}
Completed 200 OK in 2ms (Views: 0.3ms | ActiveRecord: 0.0ms | Allocations: 786)


Started GET "/rails/info/routes?path=dash" for 127.0.0.1 at 2022-09-21 17:40:34 +0800
Processing by Rails::InfoController#routes as */*
  Parameters: {"path"=>"dash"}
Completed 200 OK in 3ms (Views: 0.3ms | ActiveRecord: 0.0ms | Allocations: 786)


Started GET "/rails/info/routes?path=dashboard" for 127.0.0.1 at 2022-09-21 17:40:35 +0800
Processing by Rails::InfoController#routes as */*
  Parameters: {"path"=>"dashboard"}
Completed 200 OK in 2ms (Views: 0.3ms | ActiveRecord: 0.0ms | Allocations: 786)


Started GET "/rails/info/routes?path=dashboard" for 127.0.0.1 at 2022-09-21 17:40:36 +0800
Processing by Rails::InfoController#routes as */*
  Parameters: {"path"=>"dashboard"}
Completed 200 OK in 3ms (Views: 0.3ms | ActiveRecord: 0.0ms | Allocations: 783)


Started GET "/rails/info/routes?path=ro" for 127.0.0.1 at 2022-09-21 17:40:41 +0800
Processing by Rails::InfoController#routes as */*
  Parameters: {"path"=>"ro"}
Completed 200 OK in 2ms (Views: 0.3ms | ActiveRecord: 0.0ms | Allocations: 876)


Started GET "/rails/info/routes?path=root" for 127.0.0.1 at 2022-09-21 17:40:41 +0800
Processing by Rails::InfoController#routes as */*
  Parameters: {"path"=>"root"}
Completed 200 OK in 2ms (Views: 0.3ms | ActiveRecord: 0.0ms | Allocations: 770)


Started GET "/rails/info/routes?path=index" for 127.0.0.1 at 2022-09-21 17:40:45 +0800
Processing by Rails::InfoController#routes as */*
  Parameters: {"path"=>"index"}
Completed 200 OK in 2ms (Views: 0.3ms | ActiveRecord: 0.0ms | Allocations: 785)


Started GET "/rails/info/routes?path=home" for 127.0.0.1 at 2022-09-21 17:43:16 +0800
Processing by Rails::InfoController#routes as */*
  Parameters: {"path"=>"home"}
Completed 200 OK in 4ms (Views: 0.3ms | ActiveRecord: 0.0ms | Allocations: 2250)


Started GET "/asdfasdf" for 127.0.0.1 at 2022-09-21 17:43:20 +0800
  
ActionController::RoutingError (No route matches [GET] "/asdfasdf"):
  
Started GET "/rails/info/routes?path=home" for 127.0.0.1 at 2022-09-21 17:43:23 +0800
Processing by Rails::InfoController#routes as */*
  Parameters: {"path"=>"home"}
Completed 200 OK in 3ms (Views: 0.3ms | ActiveRecord: 0.0ms | Allocations: 839)


Started GET "/asdfasdf" for 127.0.0.1 at 2022-09-21 17:44:03 +0800
  
SyntaxError (/home/jp14/codes/Final_Project/config/routes.rb:6: syntax error, unexpected string literal, expecting `do' or '{' or '('
...get 'home/shop_location' , as 'shop_location'
...                              ^
):
  
config/routes.rb:6: syntax error, unexpected string literal, expecting `do' or '{' or '('
config/routes.rb:6: syntax error, unexpected string literal, expecting `do' or '{' or '('
config/routes.rb:6: syntax error, unexpected string literal, expecting `do' or '{' or '('
Started GET "/asdfasdf" for 127.0.0.1 at 2022-09-21 17:44:48 +0800
  
ActionController::RoutingError (No route matches [GET] "/asdfasdf"):
  
Started GET "/rails/info/routes?path=home" for 127.0.0.1 at 2022-09-21 17:44:52 +0800
Processing by Rails::InfoController#routes as */*
  Parameters: {"path"=>"home"}
Completed 200 OK in 6ms (Views: 0.4ms | ActiveRecord: 0.0ms | Allocations: 2246)


Started GET "/asdfasdf" for 127.0.0.1 at 2022-09-21 17:45:53 +0800
  
ActionController::RoutingError (No route matches [GET] "/asdfasdf"):
  
Started GET "/rails/info/routes?path=home" for 127.0.0.1 at 2022-09-21 17:45:55 +0800
Processing by Rails::InfoController#routes as */*
  Parameters: {"path"=>"home"}
Completed 200 OK in 4ms (Views: 0.3ms | ActiveRecord: 0.0ms | Allocations: 2257)


Started GET "/home/shop_name" for 127.0.0.1 at 2022-09-21 17:55:33 +0800
Processing by HomeController#shop_name as HTML
  Rendering layout layouts/application.html.erb
  Rendering home/shop_name.html.erb within layouts/application
  Rendered home/shop_name.html.erb within layouts/application (Duration: 0.5ms | Allocations: 123)
  Rendered layout layouts/application.html.erb (Duration: 19.6ms | Allocations: 14331)
Completed 200 OK in 23ms (Views: 21.9ms | Allocations: 15308)


Started GET "/dashboard/shop_name" for 127.0.0.1 at 2022-09-21 17:57:07 +0800
Processing by DashboardController#shop_name as HTML
  [1m[36mUser Load (0.5ms)[0m  [1m[34mSELECT "users".* FROM "users" WHERE "users"."id" = $1 ORDER BY "users"."id" ASC LIMIT $2[0m  [["id", 1], ["LIMIT", 1]]
Completed 406 Not Acceptable in 52ms (ActiveRecord: 17.4ms | Allocations: 8907)


  
ActionController::MissingExactTemplate (DashboardController#shop_name is missing a template for request formats: text/html):
  
actionpack (7.0.4) lib/action_controller/metal/implicit_render.rb:45:in `default_render'
actionpack (7.0.4) lib/action_controller/metal/basic_implicit_render.rb:6:in `block in send_action'
<internal:kernel>:90:in `tap'
actionpack (7.0.4) lib/action_controller/metal/basic_implicit_render.rb:6:in `send_action'
actionpack (7.0.4) lib/abstract_controller/base.rb:215:in `process_action'
actionpack (7.0.4) lib/action_controller/metal/rendering.rb:53:in `process_action'
actionpack (7.0.4) lib/abstract_controller/callbacks.rb:234:in `block in process_action'
activesupport (7.0.4) lib/active_support/callbacks.rb:118:in `block in run_callbacks'
actiontext (7.0.4) lib/action_text/rendering.rb:20:in `with_renderer'
actiontext (7.0.4) lib/action_text/engine.rb:69:in `block (4 levels) in <class:Engine>'
activesupport (7.0.4) lib/active_support/callbacks.rb:127:in `instance_exec'
activesupport (7.0.4) lib/active_support/callbacks.rb:127:in `block in run_callbacks'
activesupport (7.0.4) lib/active_support/callbacks.rb:138:in `run_callbacks'
actionpack (7.0.4) lib/abstract_controller/callbacks.rb:233:in `process_action'
actionpack (7.0.4) lib/action_controller/metal/rescue.rb:22:in `process_action'
actionpack (7.0.4) lib/action_controller/metal/instrumentation.rb:67:in `block in process_action'
activesupport (7.0.4) lib/active_support/notifications.rb:206:in `block in instrument'
activesupport (7.0.4) lib/active_support/notifications/instrumenter.rb:24:in `instrument'
activesupport (7.0.4) lib/active_support/notifications.rb:206:in `instrument'
actionpack (7.0.4) lib/action_controller/metal/instrumentation.rb:66:in `process_action'
actionpack (7.0.4) lib/action_controller/metal/params_wrapper.rb:259:in `process_action'
activerecord (7.0.4) lib/active_record/railties/controller_runtime.rb:27:in `process_action'
actionpack (7.0.4) lib/abstract_controller/base.rb:151:in `process'
actionview (7.0.4) lib/action_view/rendering.rb:39:in `process'
actionpack (7.0.4) lib/action_controller/metal.rb:188:in `dispatch'
actionpack (7.0.4) lib/action_controller/metal.rb:251:in `dispatch'
actionpack (7.0.4) lib/action_dispatch/routing/route_set.rb:49:in `dispatch'
actionpack (7.0.4) lib/action_dispatch/routing/route_set.rb:32:in `serve'
actionpack (7.0.4) lib/action_dispatch/journey/router.rb:50:in `block in serve'
actionpack (7.0.4) lib/action_dispatch/journey/router.rb:32:in `each'
actionpack (7.0.4) lib/action_dispatch/journey/router.rb:32:in `serve'
actionpack (7.0.4) lib/action_dispatch/routing/route_set.rb:852:in `call'
warden (1.2.9) lib/warden/manager.rb:36:in `block in call'
warden (1.2.9) lib/warden/manager.rb:34:in `catch'
warden (1.2.9) lib/warden/manager.rb:34:in `call'
rack (2.2.4) lib/rack/tempfile_reaper.rb:15:in `call'
rack (2.2.4) lib/rack/etag.rb:27:in `call'
rack (2.2.4) lib/rack/conditional_get.rb:27:in `call'
rack (2.2.4) lib/rack/head.rb:12:in `call'
actionpack (7.0.4) lib/action_dispatch/http/permissions_policy.rb:38:in `call'
actionpack (7.0.4) lib/action_dispatch/http/content_security_policy.rb:36:in `call'
rack (2.2.4) lib/rack/session/abstract/id.rb:266:in `context'
rack (2.2.4) lib/rack/session/abstract/id.rb:260:in `call'
actionpack (7.0.4) lib/action_dispatch/middleware/cookies.rb:696:in `call'
activerecord (7.0.4) lib/active_record/migration.rb:603:in `call'
actionpack (7.0.4) lib/action_dispatch/middleware/callbacks.rb:27:in `block in call'
activesupport (7.0.4) lib/active_support/callbacks.rb:99:in `run_callbacks'
actionpack (7.0.4) lib/action_dispatch/middleware/callbacks.rb:26:in `call'
actionpack (7.0.4) lib/action_dispatch/middleware/executor.rb:14:in `call'
actionpack (7.0.4) lib/action_dispatch/middleware/actionable_exceptions.rb:17:in `call'
actionpack (7.0.4) lib/action_dispatch/middleware/debug_exceptions.rb:28:in `call'
web-console (4.2.0) lib/web_console/middleware.rb:132:in `call_app'
web-console (4.2.0) lib/web_console/middleware.rb:28:in `block in call'
web-console (4.2.0) lib/web_console/middleware.rb:17:in `catch'
web-console (4.2.0) lib/web_console/middleware.rb:17:in `call'
actionpack (7.0.4) lib/action_dispatch/middleware/show_exceptions.rb:26:in `call'
railties (7.0.4) lib/rails/rack/logger.rb:40:in `call_app'
railties (7.0.4) lib/rails/rack/logger.rb:25:in `block in call'
activesupport (7.0.4) lib/active_support/tagged_logging.rb:99:in `block in tagged'
activesupport (7.0.4) lib/active_support/tagged_logging.rb:37:in `tagged'
activesupport (7.0.4) lib/active_support/tagged_logging.rb:99:in `tagged'
railties (7.0.4) lib/rails/rack/logger.rb:25:in `call'
sprockets-rails (3.4.2) lib/sprockets/rails/quiet_assets.rb:13:in `call'
actionpack (7.0.4) lib/action_dispatch/middleware/remote_ip.rb:93:in `call'
actionpack (7.0.4) lib/action_dispatch/middleware/request_id.rb:26:in `call'
rack (2.2.4) lib/rack/method_override.rb:24:in `call'
rack (2.2.4) lib/rack/runtime.rb:22:in `call'
activesupport (7.0.4) lib/active_support/cache/strategy/local_cache_middleware.rb:29:in `call'
actionpack (7.0.4) lib/action_dispatch/middleware/server_timing.rb:61:in `block in call'
actionpack (7.0.4) lib/action_dispatch/middleware/server_timing.rb:26:in `collect_events'
actionpack (7.0.4) lib/action_dispatch/middleware/server_timing.rb:60:in `call'
actionpack (7.0.4) lib/action_dispatch/middleware/executor.rb:14:in `call'
actionpack (7.0.4) lib/action_dispatch/middleware/static.rb:23:in `call'
rack (2.2.4) lib/rack/sendfile.rb:110:in `call'
actionpack (7.0.4) lib/action_dispatch/middleware/host_authorization.rb:137:in `call'
railties (7.0.4) lib/rails/engine.rb:530:in `call'
puma (5.6.5) lib/puma/configuration.rb:252:in `call'
puma (5.6.5) lib/puma/request.rb:77:in `block in handle_request'
puma (5.6.5) lib/puma/thread_pool.rb:340:in `with_force_shutdown'
puma (5.6.5) lib/puma/request.rb:76:in `handle_request'
puma (5.6.5) lib/puma/server.rb:443:in `process_client'
puma (5.6.5) lib/puma/thread_pool.rb:147:in `block in spawn_thread'
Started GET "/dashboard/shop_name" for 127.0.0.1 at 2022-09-21 17:58:36 +0800
Processing by DashboardController#shop_name as HTML
  [1m[36mUser Load (0.9ms)[0m  [1m[34mSELECT "users".* FROM "users" WHERE "users"."id" = $1 ORDER BY "users"."id" ASC LIMIT $2[0m  [["id", 1], ["LIMIT", 1]]
  Rendering layout layouts/application.html.erb
  Rendering dashboard/shop_name.html.erb within layouts/application
  Rendered dashboard/shop_name.html.erb within layouts/application (Duration: 0.6ms | Allocations: 122)
  Rendered layout layouts/application.html.erb (Duration: 20.7ms | Allocations: 14094)
Completed 200 OK in 31ms (Views: 23.5ms | ActiveRecord: 0.9ms | Allocations: 16333)


Started GET "/dashboard/shop_location" for 127.0.0.1 at 2022-09-21 17:58:57 +0800
Processing by DashboardController#shop_location as HTML
  [1m[36mUser Load (0.6ms)[0m  [1m[34mSELECT "users".* FROM "users" WHERE "users"."id" = $1 ORDER BY "users"."id" ASC LIMIT $2[0m  [["id", 1], ["LIMIT", 1]]
  Rendering layout layouts/application.html.erb
  Rendering dashboard/shop_location.html.erb within layouts/application
  Rendered dashboard/shop_location.html.erb within layouts/application (Duration: 0.4ms | Allocations: 97)
  Rendered layout layouts/application.html.erb (Duration: 4.3ms | Allocations: 2280)
Completed 200 OK in 12ms (Views: 5.0ms | ActiveRecord: 0.6ms | Allocations: 4125)


Started GET "/dashboard/business_type" for 127.0.0.1 at 2022-09-21 17:59:11 +0800
Processing by DashboardController#business_type as HTML
  [1m[36mUser Load (0.5ms)[0m  [1m[34mSELECT "users".* FROM "users" WHERE "users"."id" = $1 ORDER BY "users"."id" ASC LIMIT $2[0m  [["id", 1], ["LIMIT", 1]]
  Rendering layout layouts/application.html.erb
  Rendering dashboard/business_type.html.erb within layouts/application
  Rendered dashboard/business_type.html.erb within layouts/application (Duration: 0.6ms | Allocations: 97)
  Rendered layout layouts/application.html.erb (Duration: 4.7ms | Allocations: 2280)
Completed 200 OK in 11ms (Views: 5.3ms | ActiveRecord: 0.5ms | Allocations: 3909)


  [1m[36mShopDetail Load (1.2ms)[0m  [1m[34mSELECT "shop_details".* FROM "shop_details"[0m
